# Generated by SVM Log[com.rapidminer.datatable.SimpleDataTable]
# Iteration	Execution Time	kernel_type	C	degree	AUC
4.0	1.638959332656E12	radial	3.9810717055349727	0.001	0.7526893622946256
7.0	1.638959334545E12	radial	251.1886431509581	0.0039810717055349725	0.749030910609858
11.0	1.638959338225E12	radial	251.1886431509581	0.25118864315095807	0.6862336396546924
8.0	1.638959347504E12	dot	1.0	0.0039810717055349725	0.7904754942912838
2.0	1.63895934831E12	dot	1.0	0.06309573444801932	0.7296198830409357
15.0	1.638959349399E12	radial	1.0	0.0039810717055349725	0.7521435533277641
16.0	1.638959349461E12	radial	1.0	0.06309573444801932	0.7918476747424118
3.0	1.638959354611E12	dot	1.0	0.25118864315095807	0.6917105263157894
1.0	1.638959356767E12	dot	1.0	0.001	0.7123670286828181
19.0	1.638959357172E12	radial	1.0	0.25118864315095807	0.7694646338067391
20.0	1.638959357923E12	radial	1.0	0.001	0.7488102199944305
12.0	1.638959360518E12	polynomial	3.9810717055349727	0.001	0.7027081592871067
17.0	1.638959364035E12	polynomial	1.0	0.0039810717055349725	0.7025536062378169
6.0	1.638959373398E12	dot	15.848931924611136	0.001	0.7366624895572265
21.0	1.638959373447E12	polynomial	1.0	0.25118864315095807	0.7395314675577834
22.0	1.638959374411E12	polynomial	1.0	0.001	0.7296888053467001
25.0	1.638959374636E12	radial	15.848931924611136	0.001	0.7694994430520745
18.0	1.638959381502E12	polynomial	1.0	0.06309573444801932	0.7530673906989697
24.0	1.638959398205E12	dot	3.9810717055349727	0.0039810717055349725	0.7269346978557504
30.0	1.638959401561E12	radial	3.9810717055349727	0.0039810717055349725	0.7315135059871901
27.0	1.638959409088E12	dot	3.9810717055349727	0.001	0.7052986633249791
23.0	1.638959409543E12	dot	15.848931924611136	0.001	0.7307017543859651
26.0	1.638959411604E12	dot	3.9810717055349727	0.25118864315095807	0.7074526594263437
32.0	1.638959412189E12	radial	3.9810717055349727	0.001	0.7564703425229741
33.0	1.638959412306E12	radial	15.848931924611136	0.001	0.7738130047340575
34.0	1.638959413214E12	radial	3.9810717055349727	0.25118864315095807	0.7226113895850739
9.0	1.638959417565E12	dot	63.095734448019314	0.06309573444801932	0.7903856864383182
5.0	1.63895942022E12	dot	63.095734448019314	0.001	0.7259057365636313
38.0	1.638959420464E12	radial	63.095734448019314	0.06309573444801932	0.7320833333333334
29.0	1.638959420626E12	dot	3.9810717055349727	0.06309573444801932	0.7095739348370929
39.0	1.638959421858E12	radial	63.095734448019314	0.001	0.6983430799220274
41.0	1.638959421972E12	radial	3.9810717055349727	0.06309573444801932	0.7290274296853244
28.0	1.638959425048E12	polynomial	15.848931924611136	0.001	0.752671261487051
31.0	1.638959443894E12	polynomial	3.9810717055349727	0.0039810717055349725	0.7475222779170149
37.0	1.638959453064E12	polynomial	3.9810717055349727	0.25118864315095807	0.6803313840155946
35.0	1.638959454336E12	polynomial	3.9810717055349727	0.001	0.7067140072403231
10.0	1.638959456561E12	dot	1000.0	0.0039810717055349725	0.5855854915065442
13.0	1.63895946019E12	polynomial	251.1886431509581	0.0039810717055349725	0.6680047340573657
48.0	1.638959460928E12	radial	1000.0	0.0039810717055349725	0.7225842383737122
36.0	1.638959460939E12	polynomial	15.848931924611136	0.001	0.6463088276246173
43.0	1.638959467766E12	polynomial	3.9810717055349727	0.06309573444801932	0.7092648287385132
14.0	1.638959468151E12	polynomial	251.1886431509581	0.25118864315095807	0.6224359509885826
45.0	1.638959494177E12	dot	15.848931924611136	0.0039810717055349725	0.7245467836257311
54.0	1.638959497579E12	radial	15.848931924611136	0.0039810717055349725	0.7118476747424116
46.0	1.638959501823E12	dot	15.848931924611136	0.25118864315095807	0.7102736006683374
56.0	1.638959504649E12	radial	15.848931924611136	0.25118864315095807	0.7197695627958788
47.0	1.638959508162E12	dot	15.848931924611136	0.001	0.6491945140629353
58.0	1.63895950996E12	radial	15.848931924611136	0.001	0.7487197159565582
52.0	1.638959512211E12	dot	15.848931924611136	0.06309573444801932	0.7558890281258702
60.0	1.638959513976E12	radial	15.848931924611136	0.06309573444801932	0.7728000556947927
40.0	1.638959518011E12	polynomial	63.095734448019314	0.06309573444801932	0.7066381230854916
44.0	1.638959519253E12	dot	63.095734448019314	0.001	0.720586187691451
42.0	1.638959520462E12	polynomial	63.095734448019314	0.001	0.7949714564188249
63.0	1.638959520991E12	radial	63.095734448019314	0.001	0.7424707602339182
55.0	1.638959537801E12	polynomial	15.848931924611136	0.0039810717055349725	0.7699324700640491
57.0	1.638959542285E12	polynomial	15.848931924611136	0.25118864315095807	0.5998579782790309
51.0	1.638959542618E12	dot	63.095734448019314	0.001	0.6797626009468115
68.0	1.638959544118E12	radial	63.095734448019314	0.001	0.7311814257866891
59.0	1.638959545265E12	polynomial	15.848931924611136	0.001	0.671651350598719
61.0	1.638959552224E12	polynomial	15.848931924611136	0.06309573444801932	0.7247298802561962
49.0	1.638959563146E12	dot	1000.0	0.0039810717055349725	0.6651371484266222
50.0	1.63895956521E12	polynomial	1000.0	0.0039810717055349725	0.6281182121971597
53.0	1.638959569706E12	dot	1000.0	0.25118864315095807	0.6977297410192147
72.0	1.63895957613E12	radial	1000.0	0.0039810717055349725	0.7506530214424951
73.0	1.638959584711E12	dot	1.0	0.0039810717055349725	0.734619186856029
76.0	1.638959586744E12	radial	1.0	0.0039810717055349725	0.7542655249234197
74.0	1.63895958982E12	radial	1000.0	0.25118864315095807	0.701733500417711
65.0	1.638959590267E12	polynomial	63.095734448019314	0.001	0.8053251183514343
77.0	1.638959600356E12	polynomial	1.0	0.0039810717055349725	0.7497584238373713
66.0	1.638959602364E12	dot	63.095734448019314	0.0039810717055349725	0.702119186856029
81.0	1.638959603687E12	radial	63.095734448019314	0.0039810717055349725	0.7212628794207742
62.0	1.638959609429E12	dot	251.1886431509581	0.06309573444801932	0.6388854079643553
67.0	1.638959610125E12	dot	63.095734448019314	0.25118864315095807	0.6812768031189084
83.0	1.638959610709E12	radial	251.1886431509581	0.06309573444801932	0.676035575048733
69.0	1.638959610809E12	polynomial	63.095734448019314	0.001	0.776825396825397
70.0	1.638959611141E12	dot	63.095734448019314	0.001	0.7215135059871902
84.0	1.638959611403E12	radial	63.095734448019314	0.25118864315095807	0.7131154274575329
64.0	1.638959611621E12	dot	251.1886431509581	0.001	0.673290866054024
89.0	1.638959615498E12	radial	251.1886431509581	0.001	0.6734628237259817
87.0	1.638959616206E12	radial	63.095734448019314	0.001	0.7077568922305766
71.0	1.638959619837E12	dot	63.095734448019314	0.06309573444801932	0.7089160401002507
92.0	1.638959626143E12	radial	63.095734448019314	0.06309573444801932	0.7913812308549151
80.0	1.638959628695E12	dot	3.9810717055349727	0.0039810717055349725	0.7681690336953496
94.0	1.638959633452E12	radial	3.9810717055349727	0.0039810717055349725	0.7484711779448623
95.0	1.63895965878E12	polynomial	3.9810717055349727	0.0039810717055349725	0.7398189919242552
75.0	1.638959669609E12	polynomial	1000.0	0.0039810717055349725	0.6657010582010583
82.0	1.638959677281E12	polynomial	63.095734448019314	0.0039810717055349725	0.7143615984405457
88.0	1.638959680566E12	polynomial	63.095734448019314	0.25118864315095807	0.7291200222779172
79.0	1.638959682128E12	dot	251.1886431509581	0.001	0.6534635199108884
91.0	1.638959682693E12	polynomial	63.095734448019314	0.001	0.7091938178780286
78.0	1.638959683221E12	polynomial	1000.0	0.25118864315095807	0.6884649122807018
100.0	1.638959683968E12	radial	251.1886431509581	0.001	0.7598586744639377
97.0	1.638959685317E12	dot	1.0	0.0039810717055349725	0.7532365636313006
104.0	1.638959687118E12	radial	1.0	0.0039810717055349725	0.7299443052074631
93.0	1.638959693554E12	polynomial	63.095734448019314	0.06309573444801932	0.7328467000835424
96.0	1.638959698388E12	dot	15.848931924611136	0.0039810717055349725	0.6910568086883877
107.0	1.63895970014E12	radial	15.848931924611136	0.0039810717055349725	0.7319103313840156
102.0	1.638959701911E12	dot	1.0	0.25118864315095807	0.7599387357282094
109.0	1.63895970381E12	radial	1.0	0.25118864315095807	0.7427993595098858
86.0	1.638959704705E12	dot	251.1886431509581	0.001	0.619380395433027
85.0	1.638959705373E12	polynomial	251.1886431509581	0.06309573444801932	0.639720829852409
111.0	1.638959706435E12	radial	251.1886431509581	0.001	0.7276489835700363
105.0	1.638959707492E12	polynomial	1.0	0.0039810717055349725	0.6840100250626567
90.0	1.638959709019E12	polynomial	251.1886431509581	0.001	0.651998746867168
110.0	1.638959720512E12	polynomial	1.0	0.25118864315095807	0.7465879977722084
114.0	1.638959736878E12	dot	3.9810717055349727	0.0039810717055349725	0.739283625730994
108.0	1.638959738936E12	polynomial	15.848931924611136	0.0039810717055349725	0.7520258980785297
117.0	1.638959739106E12	radial	3.9810717055349727	0.0039810717055349725	0.7552840434419382
116.0	1.638959749105E12	dot	3.9810717055349727	0.25118864315095807	0.7645795043163464
120.0	1.638959750793E12	radial	3.9810717055349727	0.25118864315095807	0.7176740462266777
119.0	1.638959763044E12	polynomial	3.9810717055349727	0.0039810717055349725	0.7702561960456697
98.0	1.63895976932E12	dot	251.1886431509581	0.0039810717055349725	0.657374686716792
123.0	1.638959771068E12	radial	251.1886431509581	0.0039810717055349725	0.772847396268449
99.0	1.638959772444E12	dot	251.1886431509581	0.25118864315095807	0.683004037872459
125.0	1.638959774315E12	radial	251.1886431509581	0.25118864315095807	0.7105458089668616
101.0	1.638959774932E12	dot	251.1886431509581	0.001	0.627702589807853
121.0	1.638959776579E12	polynomial	3.9810717055349727	0.25118864315095807	0.7443379281537176
103.0	1.638959776828E12	polynomial	251.1886431509581	0.001	0.6376677805625175
127.0	1.638959780921E12	radial	251.1886431509581	0.001	0.7316715399610138
106.0	1.638959783323E12	dot	251.1886431509581	0.06309573444801932	0.6609607351712615
131.0	1.638959789038E12	radial	251.1886431509581	0.06309573444801932	0.793519910888332
112.0	1.638959793975E12	dot	1000.0	0.06309573444801932	0.5834099136730716
133.0	1.638959795777E12	radial	1000.0	0.06309573444801932	0.6700758841548315
113.0	1.638959796048E12	polynomial	251.1886431509581	0.001	0.6728244221665276
122.0	1.63895979845E12	dot	15.848931924611136	0.0039810717055349725	0.632644806460596
115.0	1.638959798497E12	dot	1000.0	0.001	0.7160157337788917
137.0	1.638959800065E12	radial	1000.0	0.001	0.7065789473684212
136.0	1.638959800122E12	radial	15.848931924611136	0.0039810717055349725	0.7207400445558341
118.0	1.638959800803E12	dot	63.095734448019314	0.0039810717055349725	0.6722946254525202
140.0	1.638959802065E12	radial	63.095734448019314	0.0039810717055349725	0.7704991645781121
128.0	1.638959811014E12	dot	15.848931924611136	0.25118864315095807	0.7256648565859093
142.0	1.638959814563E12	radial	15.848931924611136	0.25118864315095807	0.7560902255639098
139.0	1.638959835026E12	polynomial	15.848931924611136	0.0039810717055349725	0.7307943469785576
143.0	1.638959850644E12	polynomial	15.848931924611136	0.25118864315095807	0.7239835700362016
124.0	1.638959860754E12	polynomial	251.1886431509581	0.0039810717055349725	0.6797333611807296
126.0	1.638959864651E12	polynomial	251.1886431509581	0.25118864315095807	0.6411104149262046
129.0	1.63895986684E12	dot	1000.0	0.001	0.6618769145084935
148.0	1.638959868766E12	radial	1000.0	0.001	0.7066785018100807
130.0	1.63895987168E12	polynomial	251.1886431509581	0.001	0.6352951824004455
141.0	1.638959872226E12	polynomial	63.095734448019314	0.0039810717055349725	0.7294827346143136
132.0	1.638959878775E12	polynomial	251.1886431509581	0.06309573444801932	0.6884377610693402
135.0	1.638959886698E12	dot	1000.0	0.001	0.6756585909217488
134.0	1.638959887506E12	polynomial	1000.0	0.06309573444801932	0.6755632135895294
153.0	1.638959888252E12	radial	1000.0	0.001	0.7577318295739349
138.0	1.638959890836E12	polynomial	1000.0	0.001	0.6025062656641605
154.0	1.638959898619E12	dot	1.0	0.06309573444801932	0.7189905318852687
156.0	1.638959900403E12	dot	1.0	0.001	0.7008952937900306
157.0	1.63895990139E12	radial	1.0	0.06309573444801932	0.5509502923976608
144.0	1.638959902965E12	dot	63.095734448019314	0.0039810717055349725	0.7311869952659428
158.0	1.638959903281E12	radial	1.0	0.001	0.5440037593984963
160.0	1.638959906902E12	radial	63.095734448019314	0.0039810717055349725	0.6477325257588417
159.0	1.638959910884E12	polynomial	1.0	0.06309573444801932	0.7340385686438318
161.0	1.63895991614E12	polynomial	1.0	0.001	0.7614947089947092
145.0	1.638959919281E12	dot	63.095734448019314	0.25118864315095807	0.7207866889445838
165.0	1.63895992629E12	radial	63.095734448019314	0.25118864315095807	0.7054358117516013
163.0	1.638959941547E12	dot	3.9810717055349727	0.06309573444801932	0.7435909217488166
167.0	1.638959944855E12	radial	3.9810717055349727	0.06309573444801932	0.550093984962406
164.0	1.638959947866E12	dot	3.9810717055349727	0.001	0.67281328320802
169.0	1.638959949171E12	radial	3.9810717055349727	0.001	0.5364557226399331
146.0	1.638959957086E12	dot	1000.0	0.0039810717055349725	0.7093156502367028
171.0	1.638959958808E12	radial	1000.0	0.0039810717055349725	0.7396783625730995
147.0	1.638959960824E12	dot	1000.0	0.25118864315095807	0.6828118908382068
173.0	1.638959964387E12	radial	1000.0	0.25118864315095807	0.7621616541353384
149.0	1.638959967867E12	polynomial	1000.0	0.001	0.6559767474241158
150.0	1.638959969474E12	dot	1000.0	0.001	0.6528536619326094
151.0	1.638959970444E12	dot	251.1886431509581	0.0039810717055349725	0.6211654135338346
177.0	1.638959971973E12	radial	251.1886431509581	0.0039810717055349725	0.7549846839320524
152.0	1.638959975678E12	dot	1000.0	0.06309573444801932	0.6294646338067391
168.0	1.638959977564E12	polynomial	3.9810717055349727	0.06309573444801932	0.7270871623503203
170.0	1.638959977632E12	polynomial	3.9810717055349727	0.001	0.7491590086326928
162.0	1.638959980652E12	polynomial	63.095734448019314	0.0039810717055349725	0.7270579225842384
179.0	1.63895998094E12	radial	1000.0	0.06309573444801932	0.644004455583403
176.0	1.638959984045E12	radial	1000.0	0.001	0.6942836257309942
155.0	1.638959985495E12	polynomial	1000.0	0.001	0.6647862712336396
175.0	1.638959987698E12	dot	1.0	0.001	0.7176566416040101
186.0	1.638959990221E12	radial	1.0	0.001	0.7513109161793373
185.0	1.638960000566E12	dot	1.0	0.001	0.7412085769980508
166.0	1.638960002686E12	polynomial	63.095734448019314	0.25118864315095807	0.7587914230019495
188.0	1.638960003216E12	radial	1.0	0.001	0.7312907268170428
180.0	1.63896001057E12	dot	15.848931924611136	0.06309573444801932	0.7099651907546645
191.0	1.63896001243E12	radial	15.848931924611136	0.06309573444801932	0.5553049289891395
181.0	1.638960012594E12	dot	15.848931924611136	0.001	0.70239417989418
187.0	1.638960014224E12	polynomial	1.0	0.001	0.7627311333890281
193.0	1.638960014358E12	radial	15.848931924611136	0.001	0.5418922305764411
190.0	1.638960022427E12	polynomial	1.0	0.001	0.7471679197994987
194.0	1.638960045166E12	dot	3.9810717055349727	0.001	0.5961438318017266
197.0	1.638960046892E12	radial	3.9810717055349727	0.001	0.6909551656920079
192.0	1.638960047354E12	polynomial	15.848931924611136	0.06309573444801932	0.5977951824004456
172.0	1.638960049132E12	polynomial	1000.0	0.0039810717055349725	0.6605270119743805
195.0	1.638960050391E12	polynomial	15.848931924611136	0.001	0.7327979671400724
196.0	1.638960051052E12	dot	3.9810717055349727	0.001	0.7099902534113062
202.0	1.638960054304E12	radial	3.9810717055349727	0.001	0.7042286271233641
174.0	1.638960055743E12	polynomial	1000.0	0.25118864315095807	0.6624463937621833
178.0	1.6389600668E12	polynomial	251.1886431509581	0.0039810717055349725	0.701174463937622
200.0	1.638960067382E12	dot	1.0	0.0039810717055349725	0.7585505430242272
206.0	1.638960072541E12	radial	1.0	0.0039810717055349725	0.6953947368421053
182.0	1.638960081413E12	dot	251.1886431509581	0.0039810717055349725	0.6021442495126706
183.0	1.63896008256E12	polynomial	1000.0	0.06309573444801932	0.6193532442216652
204.0	1.638960084715E12	dot	1.0	0.25118864315095807	0.709067112225007
198.0	1.638960086048E12	polynomial	3.9810717055349727	0.001	0.7577548036758562
203.0	1.638960088851E12	polynomial	3.9810717055349727	0.001	0.7309196602617656
184.0	1.638960088926E12	polynomial	1000.0	0.001	0.6956091617933724
210.0	1.638960090787E12	radial	1.0	0.25118864315095807	0.7408865914786967
208.0	1.63896009585E12	radial	251.1886431509581	0.0039810717055349725	0.6349993038150934
212.0	1.63896009877E12	radial	3.9810717055349727	0.06309573444801932	0.7508507379560012
207.0	1.638960107677E12	polynomial	1.0	0.0039810717055349725	0.7478620161514898
209.0	1.63896011127E12	dot	1.0	0.06309573444801932	0.7544639376218324
218.0	1.638960112414E12	radial	1.0	0.06309573444801932	0.7341095795043163
189.0	1.638960112474E12	dot	251.1886431509581	0.25118864315095807	0.696880395433027
213.0	1.638960115167E12	dot	1.0	0.001	0.7186306042884991
220.0	1.638960116188E12	radial	251.1886431509581	0.25118864315095807	0.7146881091617934
221.0	1.638960118892E12	radial	1.0	0.001	0.7455583402951824
214.0	1.638960119724E12	polynomial	1.0	0.25118864315095807	0.751680590364801
216.0	1.638960132134E12	polynomial	3.9810717055349727	0.06309573444801932	0.7754859370648847
211.0	1.638960135068E12	dot	15.848931924611136	0.001	0.7032811194653301
226.0	1.638960136383E12	radial	15.848931924611136	0.001	0.7198269980506824
217.0	1.638960136638E12	dot	3.9810717055349727	0.0039810717055349725	0.7216938178780284
219.0	1.63896013762E12	polynomial	1.0	0.06309573444801932	0.7243713450292398
199.0	1.638960137846E12	dot	63.095734448019314	0.06309573444801932	0.7550730994152046
228.0	1.638960138238E12	radial	3.9810717055349727	0.0039810717055349725	0.6828585352269563
201.0	1.638960139888E12	dot	63.095734448019314	0.001	0.6792912837649681
230.0	1.638960139997E12	radial	63.095734448019314	0.06309573444801932	0.5600703146755779
232.0	1.638960141497E12	radial	63.095734448019314	0.001	0.5465862573099415
223.0	1.638960143622E12	polynomial	1.0	0.001	0.7945969089390144
224.0	1.638960149816E12	dot	3.9810717055349727	0.25118864315095807	0.6660839598997493
236.0	1.638960151453E12	radial	3.9810717055349727	0.25118864315095807	0.6666478696741855
229.0	1.638960158304E12	dot	3.9810717055349727	0.06309573444801932	0.7433166248955725
231.0	1.638960159292E12	polynomial	3.9810717055349727	0.0039810717055349725	0.6870788081314398
238.0	1.63896015986E12	radial	3.9810717055349727	0.06309573444801932	0.6987844611528822
225.0	1.638960160827E12	dot	15.848931924611136	0.06309573444801932	0.7190761626287943
241.0	1.638960162091E12	radial	15.848931924611136	0.06309573444801932	0.7303439153439154
235.0	1.638960162874E12	dot	3.9810717055349727	0.001	0.6918017265385686
243.0	1.638960164208E12	radial	3.9810717055349727	0.001	0.7578975215817322
227.0	1.638960166123E12	polynomial	15.848931924611136	0.001	0.7493532442216654
205.0	1.63896016892E12	dot	1000.0	0.0039810717055349725	0.6468121693121696
237.0	1.638960169651E12	polynomial	3.9810717055349727	0.25118864315095807	0.7205837510442775
246.0	1.638960170119E12	radial	1000.0	0.0039810717055349725	0.7410804789752159
240.0	1.638960175192E12	polynomial	3.9810717055349727	0.06309573444801932	0.794869813422445
215.0	1.638960180624E12	polynomial	251.1886431509581	0.0039810717055349725	0.6283138401559454
244.0	1.638960182441E12	polynomial	3.9810717055349727	0.001	0.760246449456976
239.0	1.638960183679E12	dot	15.848931924611136	0.0039810717055349725	0.6874206349206351
245.0	1.638960184632E12	dot	3.9810717055349727	0.25118864315095807	0.7106746031746033
252.0	1.638960184962E12	radial	15.848931924611136	0.0039810717055349725	0.7287385129490392
253.0	1.638960185834E12	radial	3.9810717055349727	0.25118864315095807	0.724576023391813
242.0	1.63896018836E12	polynomial	15.848931924611136	0.06309573444801932	0.7672820941241995
233.0	1.638960190379E12	polynomial	63.095734448019314	0.06309573444801932	0.7300863269284323
222.0	1.638960192951E12	polynomial	251.1886431509581	0.25118864315095807	0.6518817878028406
234.0	1.638960193086E12	polynomial	63.095734448019314	0.001	0.741492620439989
247.0	1.638960193624E12	dot	15.848931924611136	0.25118864315095807	0.6917474241158452
260.0	1.638960195037E12	radial	15.848931924611136	0.25118864315095807	0.718134224450014
249.0	1.638960201566E12	dot	15.848931924611136	0.06309573444801932	0.6689578111946533
255.0	1.638960204908E12	polynomial	3.9810717055349727	0.25118864315095807	0.7273663324979116
262.0	1.638960205152E12	radial	15.848931924611136	0.06309573444801932	0.7558980785296575
251.0	1.638960206786E12	dot	15.848931924611136	0.001	0.6907177666388193
265.0	1.638960209148E12	radial	15.848931924611136	0.001	0.7253982177666389
254.0	1.638960211284E12	polynomial	15.848931924611136	0.0039810717055349725	0.7740963519910891
261.0	1.638960221136E12	polynomial	15.848931924611136	0.25118864315095807	0.7232115009746589
263.0	1.638960231431E12	dot	15.848931924611136	0.25118864315095807	0.7042119186856028
264.0	1.638960232339E12	polynomial	15.848931924611136	0.06309573444801932	0.6808458646616542
269.0	1.638960232826E12	radial	15.848931924611136	0.25118864315095807	0.739124895572264
266.0	1.638960234988E12	polynomial	15.848931924611136	0.001	0.7619465329991647
248.0	1.638960237644E12	polynomial	1000.0	0.0039810717055349725	0.6562935115566695
256.0	1.63896023831E12	dot	63.095734448019314	0.06309573444801932	0.7376343636869954
274.0	1.638960239511E12	radial	63.095734448019314	0.06309573444801932	0.6907101086048455
250.0	1.638960247487E12	dot	1000.0	0.25118864315095807	0.6039738234475077
276.0	1.638960249845E12	radial	1000.0	0.25118864315095807	0.726441798941799
257.0	1.638960257043E12	dot	251.1886431509581	0.06309573444801932	0.6147382344750766
278.0	1.638960258442E12	radial	251.1886431509581	0.06309573444801932	0.5643125174046226
259.0	1.638960258684E12	dot	251.1886431509581	0.001	0.6591757170704539
258.0	1.638960259448E12	dot	251.1886431509581	0.06309573444801932	0.6893713450292399
271.0	1.638960259725E12	polynomial	15.848931924611136	0.25118864315095807	0.7583716235032025
280.0	1.638960260059E12	radial	251.1886431509581	0.001	0.5413784461152882
267.0	1.638960260992E12	dot	63.095734448019314	0.0039810717055349725	0.7087197159565581
284.0	1.638960262495E12	radial	63.095734448019314	0.0039810717055349725	0.7027662907268171
281.0	1.638960262533E12	radial	251.1886431509581	0.06309573444801932	0.7212949039264829
268.0	1.638960270796E12	dot	63.095734448019314	0.25118864315095807	0.7425389863547759
287.0	1.638960272077E12	radial	63.095734448019314	0.25118864315095807	0.7492714424951268
270.0	1.638960280733E12	dot	63.095734448019314	0.06309573444801932	0.7363178780284043
289.0	1.638960282639E12	radial	63.095734448019314	0.06309573444801932	0.6026998050682261
272.0	1.638960283983E12	dot	63.095734448019314	0.001	0.7316576162628796
275.0	1.638960288545E12	polynomial	63.095734448019314	0.06309573444801932	0.7610491506544139
291.0	1.638960289858E12	radial	63.095734448019314	0.001	0.6536514898357004
273.0	1.638960302514E12	polynomial	1000.0	0.06309573444801932	0.709857978279031
282.0	1.638960307574E12	dot	63.095734448019314	0.25118864315095807	0.6913680033416875
285.0	1.638960308486E12	polynomial	63.095734448019314	0.0039810717055349725	0.7441694514062936
295.0	1.638960309101E12	radial	63.095734448019314	0.25118864315095807	0.7232490949596214
277.0	1.638960314401E12	polynomial	1000.0	0.25118864315095807	0.6631223893066
288.0	1.638960319007E12	polynomial	63.095734448019314	0.25118864315095807	0.7404553049289893
294.0	1.638960319882E12	dot	1.0	0.06309573444801932	0.6814160401002507
300.0	1.638960321242E12	radial	1.0	0.06309573444801932	0.7105750487329434
283.0	1.638960323179E12	polynomial	251.1886431509581	0.001	0.6564738234475077
279.0	1.638960323304E12	polynomial	251.1886431509581	0.06309573444801932	0.6555465051517684
298.0	1.638960324351E12	dot	1.0	0.25118864315095807	0.7537099693678642
304.0	1.638960325538E12	radial	1.0	0.25118864315095807	0.7772528543581175
286.0	1.638960325788E12	polynomial	251.1886431509581	0.06309573444801932	0.734602478418268
290.0	1.638960329179E12	polynomial	63.095734448019314	0.06309573444801932	0.6508827624617098
301.0	1.638960332163E12	polynomial	1.0	0.06309573444801932	0.7283402951824006
305.0	1.638960333242E12	polynomial	1.0	0.25118864315095807	0.7521331105541632
293.0	1.638960336538E12	polynomial	63.095734448019314	0.001	0.7391819827346144
307.0	1.638960349371E12	dot	3.9810717055349727	0.0039810717055349725	0.7191624895572265
311.0	1.638960350603E12	radial	3.9810717055349727	0.0039810717055349725	0.687536201615149
292.0	1.638960350728E12	dot	251.1886431509581	0.06309573444801932	0.5513652186020608
308.0	1.638960351509E12	dot	3.9810717055349727	0.06309573444801932	0.6273732943469785
313.0	1.638960351806E12	radial	251.1886431509581	0.06309573444801932	0.6934405458089669
309.0	1.638960352697E12	dot	3.9810717055349727	0.25118864315095807	0.7537886382623226
316.0	1.638960354181E12	radial	3.9810717055349727	0.25118864315095807	0.7286869952659427
297.0	1.63896035454E12	polynomial	63.095734448019314	0.25118864315095807	0.7098893065998328
312.0	1.638960368164E12	polynomial	3.9810717055349727	0.0039810717055349725	0.7731606794764689
296.0	1.638960371628E12	dot	251.1886431509581	0.0039810717055349725	0.7543184349763299
320.0	1.638960373018E12	radial	251.1886431509581	0.0039810717055349725	0.6718358395989975
317.0	1.638960374534E12	polynomial	3.9810717055349727	0.25118864315095807	0.7086988304093568
299.0	1.638960381868E12	dot	251.1886431509581	0.25118864315095807	0.5805089111668059
323.0	1.63896038318E12	radial	251.1886431509581	0.25118864315095807	0.7044594124199388
302.0	1.638960385463E12	dot	1000.0	0.001	0.6717550821498192
303.0	1.638960386385E12	dot	1000.0	0.06309573444801932	0.7183576998050683
325.0	1.638960386807E12	radial	1000.0	0.001	0.5479323308270676
326.0	1.638960387604E12	radial	1000.0	0.06309573444801932	0.5475344611528822
306.0	1.638960387854E12	dot	1000.0	0.06309573444801932	0.6205277081592872
329.0	1.638960389416E12	radial	1000.0	0.06309573444801932	0.691644388749652
319.0	1.638960393854E12	dot	15.848931924611136	0.0039810717055349725	0.6778634085213032
331.0	1.638960395135E12	radial	15.848931924611136	0.0039810717055349725	0.7689292676134784
314.0	1.638960398541E12	dot	63.095734448019314	1.0	0.6904218880534672
322.0	1.638960398869E12	dot	15.848931924611136	0.25118864315095807	0.7500626566416042
310.0	1.638960399322E12	dot	251.1886431509581	0.001	0.7181397939292677
334.0	1.638960399994E12	radial	15.848931924611136	0.25118864315095807	0.7655277081592871
335.0	1.638960401137E12	radial	251.1886431509581	0.001	0.6719695071010862
333.0	1.638960401825E12	radial	63.095734448019314	1.0	0.6757254246727932
330.0	1.638960405044E12	dot	1.0	0.0039810717055349725	0.7527708159287106
339.0	1.638960406106E12	radial	1.0	0.0039810717055349725	0.816480785296575
315.0	1.63896041447E12	polynomial	251.1886431509581	0.06309573444801932	0.6700348092453356
318.0	1.638960416845E12	dot	251.1886431509581	0.25118864315095807	0.6800208855472014
342.0	1.638960418205E12	radial	3.9810717055349727	0.25118864315095807	0.549718045112782
340.0	1.63896041908E12	polynomial	1.0	0.0039810717055349725	0.7594033695349486
332.0	1.638960419173E12	polynomial	15.848931924611136	0.0039810717055349725	0.7508771929824561
336.0	1.638960425362E12	polynomial	15.848931924611136	0.25118864315095807	0.7423621553884713
343.0	1.638960433417E12	polynomial	3.9810717055349727	0.25118864315095807	0.7612649679754944
321.0	1.6389604363E12	polynomial	251.1886431509581	0.0039810717055349725	0.6068414090782511
324.0	1.638960447016E12	polynomial	251.1886431509581	0.25118864315095807	0.7029915065441382
338.0	1.638960451718E12	polynomial	63.095734448019314	1.0	0.6919848231690338
327.0	1.638960451987E12	polynomial	1000.0	0.001	0.6624094959621274
328.0	1.638960452553E12	polynomial	1000.0	0.06309573444801932	0.6006161236424395
351.0	1.638960453359E12	radial	251.1886431509581	1.0	0.7328272069061544
347.0	1.638960458598E12	dot	15.848931924611136	0.25118864315095807	0.6600619604566974
354.0	1.638960460022E12	radial	15.848931924611136	0.25118864315095807	0.5608604845446951
352.0	1.638960460527E12	dot	1.0	0.25118864315095807	0.7294284321915901
356.0	1.638960461801E12	radial	1.0	0.25118864315095807	0.7759314954051797
337.0	1.638960466088E12	polynomial	251.1886431509581	0.001	0.6548684210526317
345.0	1.638960468377E12	dot	63.095734448019314	0.0039810717055349725	0.7010407964355332
359.0	1.638960470227E12	radial	63.095734448019314	0.0039810717055349725	0.7427039821776664
357.0	1.638960474166E12	polynomial	1.0	0.25118864315095807	0.743587440824283
346.0	1.638960474745E12	dot	63.095734448019314	0.25118864315095807	0.6688533834586468
362.0	1.63896047596E12	radial	63.095734448019314	0.25118864315095807	0.7251197438039545
341.0	1.638960480646E12	dot	1000.0	0.06309573444801932	0.6535700362016152
364.0	1.638960481816E12	radial	1000.0	0.06309573444801932	0.7523725981620719
344.0	1.638960485147E12	dot	251.1886431509581	0.25118864315095807	0.667618351434141
366.0	1.638960486328E12	radial	251.1886431509581	0.25118864315095807	0.7070829852408801
355.0	1.638960486552E12	polynomial	15.848931924611136	0.25118864315095807	0.749969367864105
348.0	1.638960502132E12	dot	1000.0	0.0039810717055349725	0.6056641604010025
369.0	1.638960503477E12	radial	1000.0	0.0039810717055349725	0.6683660540239488
349.0	1.638960512651E12	dot	1000.0	0.25118864315095807	0.6785769980506822
371.0	1.638960514059E12	radial	1000.0	0.25118864315095807	0.6993153021442495
350.0	1.638960517317E12	dot	251.1886431509581	1.0	0.6749540517961571
353.0	1.638960518751E12	polynomial	251.1886431509581	1.0	0.6774220272904484
360.0	1.638960519631E12	polynomial	63.095734448019314	0.0039810717055349725	0.7420586187691451
373.0	1.638960522204E12	radial	251.1886431509581	1.0	0.6759106098579784
363.0	1.638960526097E12	polynomial	63.095734448019314	0.25118864315095807	0.728495544416597
358.0	1.638960532045E12	dot	1000.0	0.001	0.6393859649122808
378.0	1.63896053399E12	radial	1000.0	0.001	0.707326649958229
368.0	1.638960535647E12	dot	63.095734448019314	0.25118864315095807	0.6586514898357004
380.0	1.638960537094E12	radial	63.095734448019314	0.25118864315095807	0.5446811473127262
361.0	1.638960539991E12	dot	1000.0	0.25118864315095807	0.6778320802005012
382.0	1.638960541202E12	radial	1000.0	0.25118864315095807	0.7427213868003342
365.0	1.638960547706E12	polynomial	1000.0	0.06309573444801932	0.7109231411862993
367.0	1.638960551908E12	polynomial	251.1886431509581	0.25118864315095807	0.7500744917850183
385.0	1.638960553789E12	radial	1.0	0.25118864315095807	0.5419590643274853
384.0	1.638960562911E12	dot	1.0	0.06309573444801932	0.7116847674742413
386.0	1.638960564396E12	polynomial	1.0	0.25118864315095807	0.7249463937621833
387.0	1.638960564826E12	radial	1.0	0.06309573444801932	0.7461786410470623
370.0	1.63896056906E12	polynomial	1000.0	0.0039810717055349725	0.6280729601782233
389.0	1.638960577464E12	polynomial	1.0	0.06309573444801932	0.7817028682818157
372.0	1.638960579644E12	polynomial	1000.0	0.25118864315095807	0.6935526315789475
390.0	1.638960580191E12	dot	1.0	0.0039810717055349725	0.6935714285714285
388.0	1.638960581555E12	dot	3.9810717055349727	0.25118864315095807	0.7353661932609302
393.0	1.638960581985E12	radial	1.0	0.0039810717055349725	0.5642439431913117
394.0	1.638960582978E12	radial	1.0	0.001	0.7490893901420218
374.0	1.63896058332E12	dot	1000.0	1.0	0.6665476190476192
375.0	1.63896058459E12	dot	251.1886431509581	0.0039810717055349725	0.6181982734614314
397.0	1.638960584616E12	radial	1000.0	1.0	0.7600368978000557
381.0	1.638960585837E12	polynomial	63.095734448019314	0.25118864315095807	0.7226051239209135
376.0	1.63896058794E12	polynomial	251.1886431509581	1.0	0.6508890281258704
377.0	1.638960591218E12	dot	1000.0	1.0	0.6891959064327486
392.0	1.638960591727E12	dot	1.0	0.25118864315095807	0.7311027568922306
396.0	1.638960592445E12	polynomial	1.0	0.001	0.725692007797271
402.0	1.638960592589E12	radial	1000.0	1.0	0.7230799220272905
395.0	1.638960592848E12	polynomial	1.0	0.0039810717055349725	0.7374136730715679
391.0	1.638960597662E12	dot	3.9810717055349727	0.06309573444801932	0.7654901141743248
407.0	1.638960599097E12	radial	3.9810717055349727	0.06309573444801932	0.7389292676134782
379.0	1.638960599303E12	polynomial	1000.0	0.001	0.6063157894736844
383.0	1.638960606206E12	polynomial	1000.0	0.25118864315095807	0.6153634085213033
410.0	1.638960607597E12	radial	1.0	1.0	0.7565810359231412
403.0	1.63896060859E12	dot	3.9810717055349727	1.0	0.6795474798106379
409.0	1.638960608747E12	dot	1.0	0.001	0.7277624617098302
404.0	1.638960609935E12	dot	3.9810717055349727	0.001	0.730316067947647
412.0	1.638960610053E12	radial	3.9810717055349727	1.0	0.7149143692564747
406.0	1.638960610265E12	dot	3.9810717055349727	0.0039810717055349725	0.685600111389585
413.0	1.638960610821E12	radial	1000.0	1.0	0.6536786410470621
414.0	1.638960611209E12	radial	1000.0	1.0	0.7936424394319133
416.0	1.638960611713E12	radial	3.9810717055349727	0.0039810717055349725	0.5510825675299359
408.0	1.638960619125E12	polynomial	3.9810717055349727	0.06309573444801932	0.7372660818713451
411.0	1.638960622789E12	polynomial	1.0	1.0	0.723734335839599
415.0	1.638960626142E12	polynomial	3.9810717055349727	1.0	0.7889383180172655
419.0	1.638960629802E12	polynomial	3.9810717055349727	0.0039810717055349725	0.7339195210247842
398.0	1.638960632856E12	polynomial	63.095734448019314	1.0	0.764305903648009
421.0	1.638960640242E12	dot	3.9810717055349727	1.0	0.6886055416318576
425.0	1.638960642818E12	radial	3.9810717055349727	1.0	0.7307121971595656
420.0	1.638960644042E12	dot	15.848931924611136	0.06309573444801932	0.7070272904483431
427.0	1.638960645361E12	radial	15.848931924611136	0.06309573444801932	0.7265420495683654
399.0	1.638960649908E12	polynomial	1000.0	1.0	0.6820029239766083
400.0	1.6389606506E12	dot	251.1886431509581	0.25118864315095807	0.6476949317738792
430.0	1.63896065201E12	radial	251.1886431509581	0.25118864315095807	0.5491029657477027
422.0	1.638960652218E12	dot	15.848931924611136	1.0	0.6928717627401839
401.0	1.638960653072E12	dot	1000.0	1.0	0.6563721804511279
432.0	1.63896065343E12	radial	15.848931924611136	1.0	0.7446804511278196
423.0	1.638960654696E12	dot	15.848931924611136	0.0039810717055349725	0.7334830130882761
435.0	1.638960656064E12	radial	15.848931924611136	0.0039810717055349725	0.5636904761904762
405.0	1.638960656802E12	polynomial	1000.0	1.0	0.6542641325536063
426.0	1.638960659466E12	polynomial	3.9810717055349727	1.0	0.6699860763018658
429.0	1.638960661558E12	dot	1.0	1.0	0.7787531328320803
439.0	1.638960663485E12	radial	1.0	1.0	0.7269987468671679
437.0	1.638960664973E12	dot	1.0	1.0	0.7202213868003342
441.0	1.638960666603E12	radial	1.0	1.0	0.5461466165413534
428.0	1.638960670562E12	polynomial	15.848931924611136	0.06309573444801932	0.6714745196324143
440.0	1.638960673881E12	polynomial	1.0	1.0	0.7243260930103037
434.0	1.638960674118E12	polynomial	3.9810717055349727	1.0	0.7522096908939016
417.0	1.638960674225E12	polynomial	1000.0	1.0	0.6672451963241437
418.0	1.638960675676E12	polynomial	1000.0	1.0	0.6676044277360068
433.0	1.638960677694E12	polynomial	15.848931924611136	1.0	0.6800905040378724
442.0	1.63896067961E12	polynomial	1.0	1.0	0.7701058201058202
436.0	1.638960681329E12	polynomial	15.848931924611136	0.0039810717055349725	0.7294618490671124
438.0	1.638960684851E12	dot	15.848931924611136	1.0	0.745631439710387
451.0	1.638960685986E12	radial	15.848931924611136	1.0	0.7476093010303538
446.0	1.638960686523E12	dot	1.0	1.0	0.7582616262879422
453.0	1.638960687869E12	radial	15.848931924611136	1.0	0.5529855889724311
447.0	1.638960688266E12	dot	1.0	1.0	0.7364264828738514
455.0	1.63896069009E12	radial	1.0	1.0	0.6773315232525758
444.0	1.638960690931E12	dot	3.9810717055349727	1.0	0.6652422723475355
457.0	1.638960692213E12	radial	3.9810717055349727	1.0	0.6819138123085493
424.0	1.638960695889E12	dot	251.1886431509581	1.0	0.6241040100250627
459.0	1.638960697031E12	radial	251.1886431509581	1.0	0.7623579782790311
445.0	1.638960698308E12	dot	15.848931924611136	1.0	0.697389306599833
449.0	1.638960699019E12	dot	3.9810717055349727	1.0	0.6058117516012255
461.0	1.638960699689E12	radial	15.848931924611136	1.0	0.7083093149540519
462.0	1.638960700394E12	radial	3.9810717055349727	1.0	0.5299081035923142
456.0	1.638960708529E12	polynomial	1.0	1.0	0.7487642717905876
465.0	1.638960709825E12	radial	63.095734448019314	1.0	0.7388686995265943
452.0	1.638960710711E12	polynomial	15.848931924611136	1.0	0.7568539404065721
454.0	1.638960712099E12	polynomial	15.848931924611136	1.0	0.7690629351155668
431.0	1.638960714819E12	polynomial	251.1886431509581	0.25118864315095807	0.6861514898357004
443.0	1.638960717987E12	dot	63.095734448019314	0.06309573444801932	0.6703285992759678
464.0	1.638960718479E12	polynomial	3.9810717055349727	1.0	0.7236849067112227
470.0	1.638960719389E12	radial	63.095734448019314	0.06309573444801932	0.7326747424115846
448.0	1.638960725284E12	dot	63.095734448019314	1.0	0.719624060150376
463.0	1.638960725929E12	polynomial	15.848931924611136	1.0	0.7530813143971039
473.0	1.638960726706E12	radial	63.095734448019314	1.0	0.7933389028125871
450.0	1.638960729533E12	dot	63.095734448019314	0.0039810717055349725	0.735274993038151
476.0	1.638960730903E12	radial	63.095734448019314	0.0039810717055349725	0.5585839598997493
467.0	1.638960736843E12	dot	15.848931924611136	1.0	0.6722069061542746
458.0	1.638960740687E12	dot	63.095734448019314	1.0	0.7365810359231413
479.0	1.638960741951E12	radial	63.095734448019314	1.0	0.7394207741576164
471.0	1.638960745369E12	dot	15.848931924611136	1.0	0.686191172375383
481.0	1.63896074665E12	radial	15.848931924611136	1.0	0.7715260373155111
466.0	1.638960759982E12	polynomial	63.095734448019314	1.0	0.7535686438318018
460.0	1.638960763047E12	polynomial	251.1886431509581	1.0	0.6026636034530772
468.0	1.638960763991E12	dot	63.095734448019314	1.0	0.7094200779727096
485.0	1.638960766447E12	radial	63.095734448019314	1.0	0.5531328320802005
472.0	1.638960770113E12	polynomial	63.095734448019314	0.06309573444801932	0.7439598997493734
474.0	1.638960776478E12	dot	63.095734448019314	1.0	0.6945579225842383
482.0	1.638960778743E12	polynomial	15.848931924611136	1.0	0.7361842105263159
475.0	1.638960782753E12	polynomial	63.095734448019314	1.0	0.7793845725424673
477.0	1.638960784219E12	polynomial	63.095734448019314	0.0039810717055349725	0.7619124199387358
488.0	1.638960787599E12	radial	1000.0	1.0	0.7014390142021721
469.0	1.638960791937E12	dot	1000.0	0.25118864315095807	0.6034301030353661
492.0	1.63896079389E12	radial	1000.0	0.25118864315095807	0.5560881370091896
478.0	1.638960804275E12	dot	1000.0	1.0	0.6671080478975216
495.0	1.638960805868E12	radial	1000.0	0.06309573444801932	0.7420022277917016
480.0	1.638960820638E12	dot	251.1886431509581	1.0	0.660029239766082
497.0	1.63896082206E12	radial	251.1886431509581	1.0	0.6969277360066835
483.0	1.638960822763E12	dot	63.095734448019314	0.015848931924611138	0.6889174324700641
499.0	1.638960826185E12	radial	63.095734448019314	0.015848931924611138	0.6662600946811474
486.0	1.638960826701E12	polynomial	63.095734448019314	1.0	0.7310171261487052
489.0	1.638960834904E12	dot	63.095734448019314	1.0	0.7222967140072404
502.0	1.638960836217E12	radial	63.095734448019314	1.0	0.7412600946811473
484.0	1.638960839545E12	dot	251.1886431509581	1.0	0.6688060428849902
487.0	1.638960843464E12	dot	251.1886431509581	0.06309573444801932	0.6489181286549707
505.0	1.638960844761E12	radial	251.1886431509581	0.06309573444801932	0.7347841826789197
501.0	1.638960844918E12	dot	3.9810717055349727	0.06309573444801932	0.7831613756613758
507.0	1.638960846251E12	radial	3.9810717055349727	0.06309573444801932	0.6908883319409636
490.0	1.63896085547E12	dot	251.1886431509581	0.0039810717055349725	0.642543163464216
509.0	1.638960856852E12	radial	251.1886431509581	0.0039810717055349725	0.565504037872459
491.0	1.638960857918E12	polynomial	1000.0	1.0	0.6190587580061264
493.0	1.638960863481E12	polynomial	1000.0	0.25118864315095807	0.6805409356725145
494.0	1.638960865953E12	dot	251.1886431509581	1.0	0.6593894458368142
508.0	1.638960865964E12	polynomial	3.9810717055349727	0.06309573444801932	0.7281481481481482
504.0	1.638960866715E12	dot	15.848931924611136	0.06309573444801932	0.7138686995265944
514.0	1.638960867161E12	radial	1.0	1.0	0.790444165970482
513.0	1.638960867406E12	radial	251.1886431509581	1.0	0.5508973823447507
515.0	1.638960868037E12	radial	15.848931924611136	0.06309573444801932	0.684337231968811
511.0	1.63896086879E12	dot	1.0	1.0	0.7853453077137289
519.0	1.638960870104E12	radial	1.0	1.0	0.7425960735171262
496.0	1.638960873376E12	polynomial	1000.0	0.06309573444801932	0.7133395989974938
500.0	1.638960874154E12	polynomial	63.095734448019314	0.015848931924611138	0.747801448064606
512.0	1.638960875207E12	dot	1.0	1.0	0.7640329991645782
516.0	1.638960876638E12	polynomial	1.0	1.0	0.8079295460874409
521.0	1.638960881343E12	dot	1.0	0.06309573444801932	0.7589508493455864
525.0	1.638960883445E12	radial	1.0	0.06309573444801932	0.6916165413533836
503.0	1.63896088543E12	polynomial	63.095734448019314	1.0	0.760617516012253
520.0	1.638960886719E12	polynomial	1.0	1.0	0.7719688109161794
498.0	1.6389608874E12	polynomial	251.1886431509581	1.0	0.7300445558340296
529.0	1.638960888782E12	radial	1000.0	1.0	0.5418922305764411
524.0	1.638960894342E12	dot	3.9810717055349727	1.0	0.7099575327206905
518.0	1.638960894411E12	polynomial	15.848931924611136	0.06309573444801932	0.7313568643831801
531.0	1.63896089551E12	radial	3.9810717055349727	1.0	0.7267453355611251
526.0	1.638960896032E12	polynomial	1.0	0.06309573444801932	0.7903822055137846
528.0	1.638960906324E12	dot	3.9810717055349727	1.0	0.7444632414369258
534.0	1.638960907814E12	radial	3.9810717055349727	1.0	0.750443469785575
506.0	1.638960910799E12	polynomial	251.1886431509581	0.06309573444801932	0.7563290169869118
532.0	1.638960913134E12	polynomial	3.9810717055349727	1.0	0.652572403230298
523.0	1.63896091964E12	dot	1000.0	1.0	0.6576573377889169
537.0	1.638960920921E12	radial	251.1886431509581	0.015848931924611138	0.7596539961013646
536.0	1.638960921852E12	radial	251.1886431509581	1.0	0.7177756892230578
517.0	1.638960922365E12	polynomial	251.1886431509581	1.0	0.6523607630186578
510.0	1.638960923111E12	polynomial	251.1886431509581	0.0039810717055349725	0.698867307156781
541.0	1.638960923719E12	radial	1.0	0.015848931924611138	0.776077694235589
535.0	1.638960926281E12	polynomial	3.9810717055349727	1.0	0.7156063770537454
543.0	1.6389609343E12	polynomial	1.0	0.015848931924611138	0.749795321637427
522.0	1.638960940955E12	dot	251.1886431509581	0.015848931924611138	0.6521658312447787
530.0	1.638960944669E12	polynomial	1000.0	1.0	0.6651796157059314
547.0	1.638960947461E12	radial	251.1886431509581	0.015848931924611138	0.7094959621275412
544.0	1.638960949355E12	dot	15.848931924611136	0.015848931924611138	0.7457957393483711
550.0	1.638960950452E12	radial	15.848931924611136	0.015848931924611138	0.7043295739348372
527.0	1.638960951328E12	dot	251.1886431509581	1.0	0.6719423558897245
545.0	1.638960951684E12	dot	15.848931924611136	1.0	0.7181397939292677
546.0	1.638960951701E12	dot	3.9810717055349727	0.015848931924611138	0.7140253411306043
552.0	1.638960952509E12	radial	1.0	0.015848931924611138	0.7684328877749931
554.0	1.638960953385E12	radial	3.9810717055349727	0.015848931924611138	0.7501629072681706
553.0	1.638960954052E12	radial	15.848931924611136	1.0	0.6449888610414926
533.0	1.638960961493E12	dot	1000.0	0.06309573444801932	0.6297361459203565
555.0	1.638960963357E12	polynomial	1.0	0.015848931924611138	0.7556056808688388
539.0	1.638960971543E12	polynomial	63.095734448019314	0.015848931924611138	0.7584489000278476
549.0	1.638960973128E12	dot	15.848931924611136	0.015848931924611138	0.691752993595099
561.0	1.638960974356E12	radial	15.848931924611136	0.015848931924611138	0.7508416875522139
556.0	1.638960974656E12	polynomial	3.9810717055349727	0.015848931924611138	0.7510414926204401
563.0	1.63896097604E12	radial	15.848931924611136	0.015848931924611138	0.5426691729323307
551.0	1.638960977607E12	polynomial	15.848931924611136	0.015848931924611138	0.7659586466165413
557.0	1.638960979274E12	polynomial	15.848931924611136	1.0	0.7510470620996939
566.0	1.638960980474E12	radial	3.9810717055349727	0.015848931924611138	0.7369597605123921
559.0	1.63896098319E12	dot	3.9810717055349727	0.015848931924611138	0.7201872737399054
538.0	1.638960987228E12	polynomial	251.1886431509581	0.015848931924611138	0.7154553049289892
540.0	1.638960987767E12	polynomial	251.1886431509581	1.0	0.6880673906989697
542.0	1.638960987961E12	dot	1000.0	0.0039810717055349725	0.6202005012531329
571.0	1.638960989346E12	radial	1000.0	0.0039810717055349725	0.5551848370927318
568.0	1.63896099352E12	polynomial	1.0	0.015848931924611138	0.8139118629908104
567.0	1.638960999259E12	polynomial	3.9810717055349727	0.015848931924611138	0.760817321080479
562.0	1.638960999601E12	polynomial	15.848931924611136	0.015848931924611138	0.7149888610414927
574.0	1.638961001036E12	radial	1000.0	0.015848931924611138	0.6763589529379004
564.0	1.638961001228E12	polynomial	15.848931924611136	0.015848931924611138	0.7495815928710666
548.0	1.638961009505E12	polynomial	251.1886431509581	0.015848931924611138	0.6991123642439432
573.0	1.638961011929E12	dot	3.9810717055349727	0.015848931924611138	0.6917049568365359
579.0	1.638961013289E12	radial	3.9810717055349727	0.015848931924611138	0.5573652882205514
558.0	1.638961025769E12	dot	1000.0	0.015848931924611138	0.639440963519911
565.0	1.638961026528E12	dot	63.095734448019314	0.015848931924611138	0.7228634085213035
581.0	1.63896102711E12	radial	1000.0	0.015848931924611138	0.7242811890838208
582.0	1.638961027744E12	radial	63.095734448019314	0.015848931924611138	0.7062364243943191
580.0	1.638961031401E12	polynomial	3.9810717055349727	0.015848931924611138	0.7390079365079366
560.0	1.63896103594E12	dot	251.1886431509581	0.015848931924611138	0.6096442495126706
586.0	1.63896103707E12	radial	251.1886431509581	0.015848931924611138	0.6944033695349484
575.0	1.638961047776E12	dot	63.095734448019314	0.015848931924611138	0.7528202450570871
588.0	1.638961050189E12	radial	63.095734448019314	0.015848931924611138	0.7613130047340574
577.0	1.638961050469E12	dot	63.095734448019314	0.015848931924611138	0.7632024505708717
590.0	1.638961051868E12	radial	63.095734448019314	0.015848931924611138	0.5655388471177945
570.0	1.638961053129E12	dot	1000.0	1.0	0.6333716235032025
569.0	1.638961053273E12	dot	1000.0	0.015848931924611138	0.629431216931217
593.0	1.638961054572E12	radial	1000.0	0.015848931924611138	0.785723336118073
572.0	1.638961055347E12	polynomial	1000.0	0.0039810717055349725	0.6433305485937065
585.0	1.638961057294E12	dot	15.848931924611136	0.015848931924611138	0.7395934280144807
595.0	1.638961060294E12	dot	1.0	0.015848931924611138	0.7185985797827904
576.0	1.638961067005E12	polynomial	1000.0	0.015848931924611138	0.6488575605680869
596.0	1.63896107006E12	dot	1.0	0.015848931924611138	0.7360686438318018
592.0	1.638961070314E12	polynomial	3.9810717055349727	0.015848931924611138	0.7270899470899472
599.0	1.638961072185E12	radial	1.0	0.015848931924611138	0.5535254803675856
578.0	1.638961075619E12	dot	1000.0	0.015848931924611138	0.6058054859370648
597.0	1.63896107579E12	dot	1.0	0.015848931924611138	0.7241346421609579
601.0	1.638961077578E12	radial	1.0	0.015848931924611138	0.7065169869117238
598.0	1.638961079736E12	dot	1.0	0.015848931924611138	0.7365782511835145
602.0	1.638961088717E12	polynomial	1.0	0.015848931924611138	0.7790810359231413
605.0	1.638961089202E12	radial	63.095734448019314	0.015848931924611138	0.7576148705096074
603.0	1.638961091608E12	radial	1000.0	0.015848931924611138	0.6852729044834309
604.0	1.638961092514E12	radial	251.1886431509581	0.015848931924611138	0.6753098022834865
583.0	1.638961093295E12	polynomial	1000.0	0.015848931924611138	0.6502917014759121
591.0	1.638961093389E12	polynomial	63.095734448019314	0.015848931924611138	0.7873447507658036
584.0	1.638961093577E12	dot	251.1886431509581	0.015848931924611138	0.685149679754943
610.0	1.638961094639E12	radial	3.9810717055349727	0.015848931924611138	0.7216269841269842
612.0	1.638961094905E12	radial	251.1886431509581	0.015848931924611138	0.5381954887218046
600.0	1.638961095905E12	dot	15.848931924611136	0.015848931924611138	0.7218093845725425
613.0	1.638961095967E12	radial	1000.0	0.015848931924611138	0.5614069896964635
615.0	1.638961097248E12	radial	15.848931924611136	0.015848931924611138	0.707442216652743
589.0	1.63896109903E12	polynomial	63.095734448019314	0.015848931924611138	0.721986911723754
594.0	1.638961099655E12	polynomial	1000.0	0.015848931924611138	0.6316151489835701
587.0	1.63896110278E12	polynomial	251.1886431509581	0.015848931924611138	0.7338735728209413
606.0	1.638961104452E12	dot	3.9810717055349727	0.015848931924611138	0.7335157337788917
617.0	1.638961124607E12	polynomial	15.848931924611136	0.015848931924611138	0.6524930381509331
611.0	1.638961135359E12	dot	1000.0	0.015848931924611138	0.6942940685045949
622.0	1.63896113705E12	radial	251.1886431509581	0.015848931924611138	0.7183145363408523
607.0	1.638961140734E12	polynomial	63.095734448019314	0.015848931924611138	0.7948301308827624
614.0	1.638961157269E12	polynomial	251.1886431509581	0.015848931924611138	0.6774993038150934
624.0	1.638961161944E12	dot	3.9810717055349727	0.015848931924611138	0.695672514619883
608.0	1.63896116335E12	polynomial	1000.0	0.015848931924611138	0.65609440267335
626.0	1.638961163513E12	radial	3.9810717055349727	0.015848931924611138	0.7513881927039822
609.0	1.638961165675E12	polynomial	251.1886431509581	0.015848931924611138	0.7098837371205792
616.0	1.638961169897E12	polynomial	1000.0	0.015848931924611138	0.7336786410470622
618.0	1.638961170283E12	dot	251.1886431509581	0.015848931924611138	0.6385763018657757
629.0	1.638961171137E12	radial	1.0	0.015848931924611138	0.7748162071846283
619.0	1.638961174036E12	dot	1000.0	0.015848931924611138	0.6275174046226678
621.0	1.638961174054E12	dot	63.095734448019314	0.015848931924611138	0.7768274853801171
627.0	1.63896117486E12	dot	1.0	0.015848931924611138	0.7680221386800336
620.0	1.638961175033E12	dot	251.1886431509581	0.015848931924611138	0.5929392926761348
632.0	1.638961175408E12	radial	1000.0	0.015848931924611138	0.74171888053467
635.0	1.638961178234E12	radial	15.848931924611136	0.015848931924611138	0.7483945976051241
628.0	1.638961178322E12	polynomial	3.9810717055349727	0.015848931924611138	0.6944639376218323
636.0	1.638961187549E12	polynomial	15.848931924611136	0.015848931924611138	0.7686932609301032
631.0	1.63896118884E12	polynomial	1.0	0.015848931924611138	0.7498906989696464
640.0	1.638961190072E12	radial	63.095734448019314	0.015848931924611138	0.7673329156223894
625.0	1.638961192713E12	dot	1000.0	0.015848931924611138	0.6912030075187969
633.0	1.638961193381E12	dot	3.9810717055349727	0.015848931924611138	0.6479434697855752
643.0	1.638961194022E12	radial	15.848931924611136	0.015848931924611138	0.7535756056808689
644.0	1.638961194583E12	radial	3.9810717055349727	0.015848931924611138	0.7415845168476747
630.0	1.638961197303E12	dot	15.848931924611136	0.015848931924611138	0.7529991645781121
623.0	1.638961198084E12	polynomial	251.1886431509581	0.015848931924611138	0.6217620439988862
637.0	1.63896120195E12	polynomial	15.848931924611136	0.015848931924611138	0.75848649401281
639.0	1.638961203572E12	dot	15.848931924611136	0.015848931924611138	0.6708639654692287
638.0	1.638961206797E12	polynomial	3.9810717055349727	0.015848931924611138	0.712181843497633
641.0	1.638961208649E12	dot	63.095734448019314	0.015848931924611138	0.6965267335004178
642.0	1.638961213541E12	polynomial	63.095734448019314	0.015848931924611138	0.7368720412141466
647.0	1.638961216056E12	radial	1.0	0.015848931924611138	0.7098217766638819
646.0	1.638961219621E12	dot	1.0	0.015848931924611138	0.7574805068226121
648.0	1.638961220845E12	polynomial	1.0	0.015848931924611138	0.7967481203007518
634.0	1.638961221714E12	polynomial	1000.0	0.015848931924611138	0.7063429406850459
645.0	1.638961222327E12	dot	251.1886431509581	0.015848931924611138	0.6726824004455585
